2025-10-22 13:01:33      INFO: ══════════════════════════════════════════════════════════════════════
2025-10-22 13:01:33      INFO:  Starting CDW Lindhard Susceptibility Calculation 
2025-10-22 13:01:33      INFO: ══════════════════════════════════════════════════════════════════════
2025-10-22 13:01:33      INFO:  Author     : Prof. Chinedu E. Ekuma
2025-10-22 13:01:33      INFO:  Affiliation: Lehigh University, Bethlehem PA 18015
2025-10-22 13:01:33      INFO:  Contact    : cekuma@lehigh.edu
2025-10-22 13:01:33      INFO:  Homepage   : https://physics.lehigh.edu/~cekuma
2025-10-22 13:01:33      INFO: 
2025-10-22 13:01:33      INFO:  If you have used this code in your calculations, please cite:
2025-10-22 13:01:33      INFO:     Ekuma, C. E., *et al.* "Title of Article." Journal Name, Year.
2025-10-22 13:01:33      INFO:     DOI: xx.xxxx/xxxxxxx
2025-10-22 13:01:33      INFO: ══════════════════════════════════════════════════════════════════════
2025-10-22 13:01:33      INFO: Run Timestamp : Wed 2025-10-22 13:01:33
2025-10-22 13:01:33      INFO:   ↳ parsed 500 k-points × 60 bands  (spin=1)
2025-10-22 13:01:33      INFO: Energies range: -33.130 to 8.872 eV
2025-10-22 13:01:33      INFO: Occupations info: min=0.0, max=1.0, unique_count=22
2025-10-22 13:01:33      INFO: ────────────────────────────────────────────────────────────
2025-10-22 13:01:33      INFO:                 Parsed inputs / CLI options:                
2025-10-22 13:01:33      INFO: ------------------------------------------------------------
2025-10-22 13:01:33      INFO:              auto_saddle = True
2025-10-22 13:01:33      INFO:           band_window_ev = 1.0
2025-10-22 13:01:33      INFO:          blend_width_pts = 4
2025-10-22 13:01:33      INFO:                     code = VASP
2025-10-22 13:01:33      INFO:               delta_e_sp = auto
2025-10-22 13:01:33      INFO:                      dim = 2
2025-10-22 13:01:33      INFO:                  dynamic = False
2025-10-22 13:01:33      INFO:                 eigenval = EIGENVAL
2025-10-22 13:01:33      INFO:     energy_window_sigmas = 4.0
2025-10-22 13:01:33      INFO:                      eta = 0.01
2025-10-22 13:01:33      INFO:                ev_window = None
2025-10-22 13:01:33      INFO:            fermi_surface = False
2025-10-22 13:01:33      INFO:                 hsp_file = KPOINTS.hsp
2025-10-22 13:01:33      INFO:               include_ff = False
2025-10-22 13:01:33      INFO:               input_file = lindhard.inp
2025-10-22 13:01:33      INFO:              interpolate = False
2025-10-22 13:01:33      INFO:     interpolation_points = 200
2025-10-22 13:01:33      INFO:                     jdos = False
2025-10-22 13:01:33      INFO:          jdos_offsets_ev = 0.5
2025-10-22 13:01:33      INFO:             jdos_thermal = False
2025-10-22 13:01:33      INFO:            make_template = False
2025-10-22 13:01:33      INFO:              mu_override = None
2025-10-22 13:01:33      INFO:                   nprocs = 8
2025-10-22 13:01:33      INFO:               num_omegas = 50
2025-10-22 13:01:33      INFO:              num_qpoints = 100
2025-10-22 13:01:33      INFO:               occ_source = dft
2025-10-22 13:01:33      INFO:                omega_max = 1.0
2025-10-22 13:01:33      INFO:                omega_min = 0.0
2025-10-22 13:01:33      INFO:            output_prefix = lindhard
2025-10-22 13:01:33      INFO:                peak_mode = blend
2025-10-22 13:01:33      INFO:          peak_radius_pts = 1
2025-10-22 13:01:33      INFO:       points_per_segment = 50
2025-10-22 13:01:33      INFO:                    quiet = False
2025-10-22 13:01:33      INFO:              saddlepoint = False
2025-10-22 13:01:33      INFO:        selected_q_labels = []
2025-10-22 13:01:33      INFO:             smooth_sigma = 3.0
2025-10-22 13:01:33      INFO:              struct_file = POSCAR
2025-10-22 13:01:33      INFO:              temperature = 0.0
2025-10-22 13:01:33      INFO:                 template = False
2025-10-22 13:01:33      INFO:                  wavefxn = WAVECAR
2025-10-22 13:01:33      INFO:                window_ev = 1.0
2025-10-22 13:01:33      INFO: ────────────────────────────────────────────────────────────
2025-10-22 13:01:33      INFO: Area  : 17.100 Å²  =  1.71001e-19 m²
2025-10-22 13:01:38      INFO: The Fermi energy in [eV] is 5.9781
2025-10-22 13:01:38      INFO: Using chemical potential μ = 5.9781 eV  (temperature T = 0.00 K)
2025-10-22 13:01:38      INFO: Electron density n = 5.1462e+20 m^{-2}
2025-10-22 13:01:38      INFO: Computing static χ(q) with intra/inter/total …
2025-10-22 13:40:51      INFO: Static χ(q) grid computation (TOTAL) completed.
2025-10-22 13:40:51      INFO: [qmax/real] argmax excluding Γ at q* = (-0.1465, 0.1465); peak = 222.983
2025-10-22 13:40:51      INFO: [qmax/imag] argmax excluding Γ at q* = (0.2576, -0.3788); peak = 2.27981
2025-10-22 13:40:51      INFO: [qmax/abs] argmax excluding Γ at q* = (-0.1465, 0.1465); peak = 222.99
2025-10-22 13:41:04      INFO: [qmax/real] argmax excluding Γ at q* = (-0.1465, 0.1465); peak = 222.983
2025-10-22 13:41:04      INFO: [qmax/imag] argmax excluding Γ at q* = (0.2576, -0.3788); peak = 2.27981
2025-10-22 13:41:04      INFO: [qmax/abs] argmax excluding Γ at q* = (-0.1465, 0.1465); peak = 222.99
2025-10-22 13:41:12      INFO: Computing Lindhard susceptibility along high-symmetry path…
2025-10-22 13:41:46      INFO: Saved lindhard_static_TOTAL_abs_3d.png → Static_Lplots
2025-10-22 13:41:46      INFO: Saved lindhard_static_TOTAL_imag.png → Static_Lplots
2025-10-22 13:41:46      INFO: Saved lindhard_static_TOTAL_real.png → Static_Lplots
2025-10-22 13:41:46      INFO: Saved lindhard_static_TOTAL_abs.png → Static_Lplots
2025-10-22 13:41:46      INFO: Saved lindhard_static_TOTAL_real_3d.png → Static_Lplots
2025-10-22 13:41:46      INFO: Saved lindhard_static_TOTAL_imag_3d.png → Static_Lplots
2025-10-22 13:41:46      INFO: Saved lindhard_path_TOTAL_real.png → Static_Lplots
2025-10-22 13:41:46      INFO: Saved lindhard_static_TOTAL_abs.csv → Static_Lplots
2025-10-22 13:41:46      INFO: Saved lindhard_static_TOTAL_imag.csv → Static_Lplots
2025-10-22 13:41:46      INFO: Saved lindhard_static_TOTAL_real.csv → Static_Lplots
2025-10-22 13:41:46      INFO: Saved lindhard_path_TOTAL.csv → Static_Lplots
2025-10-22 13:41:46      INFO: Saved lindhard_static_qmax_ALL.txt → Static_Lplots
2025-10-22 13:41:46      INFO: ==== Run finished – total wall time 2,413.3 s (40.2 min) ====
