2025-10-22 12:01:26      INFO: ══════════════════════════════════════════════════════════════════════
2025-10-22 12:01:26      INFO:  Starting CDW Lindhard Susceptibility Calculation 
2025-10-22 12:01:26      INFO: ══════════════════════════════════════════════════════════════════════
2025-10-22 12:01:26      INFO:  Author     : Prof. Chinedu E. Ekuma
2025-10-22 12:01:26      INFO:  Affiliation: Lehigh University, Bethlehem PA 18015
2025-10-22 12:01:26      INFO:  Contact    : cekuma@lehigh.edu
2025-10-22 12:01:26      INFO:  Homepage   : https://physics.lehigh.edu/~cekuma
2025-10-22 12:01:26      INFO: 
2025-10-22 12:01:26      INFO:  If you have used this code in your calculations, please cite:
2025-10-22 12:01:26      INFO:     Ekuma, C. E., *et al.* "Title of Article." Journal Name, Year.
2025-10-22 12:01:26      INFO:     DOI: xx.xxxx/xxxxxxx
2025-10-22 12:01:26      INFO: ══════════════════════════════════════════════════════════════════════
2025-10-22 12:01:26      INFO: Run Timestamp : Wed 2025-10-22 12:01:26
2025-10-22 12:01:26      INFO:   ↳ parsed 64 k-points × 96 bands  (spin=1)
2025-10-22 12:01:26      INFO: Energies range: -62.895 to 3.785 eV
2025-10-22 12:01:26      INFO: Occupations info: min=0.0, max=1.0, unique_count=24
2025-10-22 12:01:26      INFO: ────────────────────────────────────────────────────────────
2025-10-22 12:01:26      INFO:                 Parsed inputs / CLI options:                
2025-10-22 12:01:26      INFO: ------------------------------------------------------------
2025-10-22 12:01:26      INFO:              auto_saddle = True
2025-10-22 12:01:26      INFO:           band_window_ev = 1.0
2025-10-22 12:01:26      INFO:          blend_width_pts = 4
2025-10-22 12:01:26      INFO:                     code = VASP
2025-10-22 12:01:26      INFO:               delta_e_sp = auto
2025-10-22 12:01:26      INFO:                      dim = 2
2025-10-22 12:01:26      INFO:                  dynamic = False
2025-10-22 12:01:26      INFO:                 eigenval = EIGENVAL
2025-10-22 12:01:26      INFO:     energy_window_sigmas = 4.0
2025-10-22 12:01:26      INFO:                      eta = 0.01
2025-10-22 12:01:26      INFO:                ev_window = None
2025-10-22 12:01:26      INFO:            fermi_surface = False
2025-10-22 12:01:26      INFO:                 hsp_file = KPOINTS.hsp
2025-10-22 12:01:26      INFO:               include_ff = False
2025-10-22 12:01:26      INFO:               input_file = lindhard.inp
2025-10-22 12:01:26      INFO:              interpolate = False
2025-10-22 12:01:26      INFO:     interpolation_points = 200
2025-10-22 12:01:26      INFO:                     jdos = True
2025-10-22 12:01:26      INFO:          jdos_offsets_ev = 0.5
2025-10-22 12:01:26      INFO:             jdos_thermal = False
2025-10-22 12:01:26      INFO:            make_template = False
2025-10-22 12:01:26      INFO:              mu_override = None
2025-10-22 12:01:26      INFO:                   nprocs = 8
2025-10-22 12:01:26      INFO:               num_omegas = 50
2025-10-22 12:01:26      INFO:              num_qpoints = 50
2025-10-22 12:01:26      INFO:               occ_source = dft
2025-10-22 12:01:26      INFO:                omega_max = 1.0
2025-10-22 12:01:26      INFO:                omega_min = 0.0
2025-10-22 12:01:26      INFO:            output_prefix = lindhard
2025-10-22 12:01:26      INFO:                peak_mode = blend
2025-10-22 12:01:26      INFO:          peak_radius_pts = 1
2025-10-22 12:01:26      INFO:       points_per_segment = 100
2025-10-22 12:01:26      INFO:                    quiet = False
2025-10-22 12:01:26      INFO:              saddlepoint = False
2025-10-22 12:01:26      INFO:        selected_q_labels = []
2025-10-22 12:01:26      INFO:             smooth_sigma = 3.0
2025-10-22 12:01:26      INFO:              struct_file = POSCAR
2025-10-22 12:01:26      INFO:              temperature = 0.0
2025-10-22 12:01:26      INFO:                 template = False
2025-10-22 12:01:26      INFO:                  wavefxn = WAVECAR
2025-10-22 12:01:26      INFO:                window_ev = 1.0
2025-10-22 12:01:26      INFO: ────────────────────────────────────────────────────────────
2025-10-22 12:01:26      INFO: Area  : 26.491 Å²  =  2.64913e-19 m²
2025-10-22 12:01:27      INFO: The Fermi energy in [eV] is 1.5709
2025-10-22 12:01:27      INFO: Using chemical potential μ = 1.5709 eV  (temperature T = 0.00 K)
2025-10-22 12:01:27      INFO: Electron density n = 5.5112e+20 m^{-2}
2025-10-22 12:01:27      INFO: [JDOS] band coverage within window ±1.000 eV: 64/64 k-points (100.0%)
2025-10-22 12:01:30      INFO: [JDOS] mapper=hash, tol=0.075, nearest |k+q−k′|: median=5.253e-02, 95th%=1.049e-01, skipped=14.8%
2025-10-22 12:01:44      INFO: [xi_plain_off_+0.500eV] Maximum at q = (-0.5000, -0.5000)
2025-10-22 12:01:44      INFO: [xi_plain_off_+0.500eV] Peak value: 0.0000
2025-10-22 12:01:44      INFO: [JDOS] band coverage within window ±1.000 eV: 64/64 k-points (100.0%)
2025-10-22 12:01:48      INFO: [JDOS] mapper=hash, tol=0.075, nearest |k+q−k′|: median=5.253e-02, 95th%=1.049e-01, skipped=14.8%
2025-10-22 12:02:00      INFO: [jdos_Ep500meV] Maximum at q = (-0.5000, -0.5000)
2025-10-22 12:02:00      INFO: [jdos_Ep500meV] Peak value: 0.0000
2025-10-22 12:02:00      INFO: Computing static χ(q) with intra/inter/total …
2025-10-22 12:05:26      INFO: Static χ(q) grid computation (TOTAL) completed.
2025-10-22 12:05:26      INFO: [qmax/real] argmax excluding Γ at q* = (-0.3776, -0.0306); peak = 388.907
2025-10-22 12:05:26      INFO: [qmax/imag] argmax excluding Γ at q* = (0.4592, -0.2959); peak = 3.25059
2025-10-22 12:05:26      INFO: [qmax/abs] argmax excluding Γ at q* = (-0.3776, -0.0306); peak = 388.907
2025-10-22 12:05:51      INFO: [qmax/real] argmax excluding Γ at q* = (-0.3776, -0.0306); peak = 388.907
2025-10-22 12:05:51      INFO: [qmax/imag] argmax excluding Γ at q* = (0.4592, -0.2959); peak = 3.25059
2025-10-22 12:05:51      INFO: [qmax/abs] argmax excluding Γ at q* = (-0.3776, -0.0306); peak = 388.907
2025-10-22 12:06:09      INFO: Computing Lindhard susceptibility along high-symmetry path…
2025-10-22 12:06:47      INFO: Removed existing folder: Static_Lplots
2025-10-22 12:06:47      INFO: Saved lindhard_static_TOTAL_abs_3d.png → Static_Lplots
2025-10-22 12:06:47      INFO: Saved jdos_Ep500meV.png → Static_Lplots
2025-10-22 12:06:47      INFO: Saved xi_plain_off_+0.500eV_3d.png → Static_Lplots
2025-10-22 12:06:47      INFO: Saved lindhard_static_TOTAL_imag.png → Static_Lplots
2025-10-22 12:06:47      INFO: Saved lindhard_static_TOTAL_real.png → Static_Lplots
2025-10-22 12:06:47      INFO: Saved xi_plain_off_+0.500eV.png → Static_Lplots
2025-10-22 12:06:47      INFO: Saved lindhard_static_TOTAL_abs.png → Static_Lplots
2025-10-22 12:06:47      INFO: Saved lindhard_static_TOTAL_real_3d.png → Static_Lplots
2025-10-22 12:06:47      INFO: Saved jdos_Ep500meV_3d.png → Static_Lplots
2025-10-22 12:06:47      INFO: Saved lindhard_static_TOTAL_imag_3d.png → Static_Lplots
2025-10-22 12:06:47      INFO: Saved lindhard_path_TOTAL_real.png → Static_Lplots
2025-10-22 12:06:47      INFO: Saved lindhard_static_TOTAL_abs.csv → Static_Lplots
2025-10-22 12:06:47      INFO: Saved lindhard_static_TOTAL_imag.csv → Static_Lplots
2025-10-22 12:06:47      INFO: Saved lindhard_static_TOTAL_real.csv → Static_Lplots
2025-10-22 12:06:47      INFO: Saved lindhard_path_TOTAL.csv → Static_Lplots
2025-10-22 12:06:47      INFO: Saved jdos_Ep500meV_qmap.csv → Static_Lplots
2025-10-22 12:06:47      INFO: Saved xi_plain_off_+0.500eV_qmap.csv → Static_Lplots
2025-10-22 12:06:47      INFO: Saved lindhard_static_qmax_ALL.txt → Static_Lplots
2025-10-22 12:06:47      INFO: ==== Run finished – total wall time 321.2 s (5.4 min) ====
